<?xml version="1.0" encoding="UTF-8"?>
<testsuite xmlns:xsi="http://www.w3.org/2001/XMLSchema-instance" xsi:noNamespaceSchemaLocation="https://maven.apache.org/surefire/maven-surefire-plugin/xsd/surefire-test-report.xsd" name="de.jonashackt.springbootvuejs.repository.UserRepositoryTest" time="5.782" tests="2" errors="0" skipped="0" failures="0">
  <properties>
[...]
</properties>
  <testcase name="testFindByLastName" classname="de.jonashackt.springbootvuejs.repository.UserRepositoryTest" time="0.438"/>
  <testcase name="testFindByFirstName" classname="de.jonashackt.springbootvuejs.repository.UserRepositoryTest" time="0.017"/>
</testsuite>