TN:
SF:/Users/pverma/Documents/tests/spring-boot-vuejs/frontend/src/App.vue
FN:17,data
FNF:1
FNH:1
FNDA:1,data
DA:18,1
LF:1
LH:1
BRF:0
BRH:0
end_of_record
TN:
SF:/Users/pverma/Documents/tests/spring-boot-vuejs/frontend/src/router.js
FNF:0
FNH:0
DA:1,0
DA:2,0
DA:3,0
DA:4,0
DA:5,0
DA:6,0
DA:8,0
LF:7
LH:0
BRF:0
BRH:0
end_of_record
TN:
SF:/Users/pverma/Documents/tests/spring-boot-vuejs/frontend/src/components/Bootstrap.vue
FN:53,data
FN:72,callRestService
FN:73,(anonymous_3)
FN:82,(anonymous_4)
FNF:4
FNH:0
FNDA:0,data
FNDA:0,callRestService
FNDA:0,(anonymous_3)
FNDA:0,(anonymous_4)
DA:48,0
DA:54,0
DA:72,0
DA:73,0
DA:76,0
DA:77,0
DA:78,0
DA:79,0
DA:80,0
DA:81,0
DA:84,0
LF:11
LH:0
BRF:0
BRH:0
end_of_record
TN:
SF:/Users/pverma/Documents/tests/spring-boot-vuejs/frontend/src/components/Service.vue
FN:20,data
FN:29,callRestService
FN:30,(anonymous_3)
FN:35,(anonymous_4)
FNF:4
FNH:0
FNDA:0,data
FNDA:0,callRestService
FNDA:0,(anonymous_3)
FNDA:0,(anonymous_4)
DA:15,0
DA:21,0
DA:29,0
DA:30,0
DA:33,0
DA:34,0
DA:37,0
LF:7
LH:0
BRF:0
BRH:0
end_of_record
TN:
SF:/Users/pverma/Documents/tests/spring-boot-vuejs/frontend/src/components/User.vue
FN:28,data
FN:44,createUser
FN:49,(anonymous_3)
FN:56,(anonymous_4)
FN:61,retrieveUser
FN:62,(anonymous_6)
FN:68,(anonymous_7)
FNF:7
FNH:0
FNDA:0,data
FNDA:0,createUser
FNDA:0,(anonymous_3)
FNDA:0,(anonymous_4)
FNDA:0,retrieveUser
FNDA:0,(anonymous_6)
FNDA:0,(anonymous_7)
DA:23,0
DA:29,0
DA:44,0
DA:45,0
DA:46,0
DA:47,0
DA:49,0
DA:52,0
DA:53,0
DA:54,0
DA:55,0
DA:58,0
DA:61,0
DA:62,0
DA:65,0
DA:66,0
DA:67,0
DA:70,0
LF:18
LH:0
BRF:0
BRH:0
end_of_record
TN:
SF:/Users/pverma/Documents/tests/spring-boot-vuejs/frontend/src/components/http-common.js
FNF:0
FNH:0
DA:1,0
DA:3,0
LF:2
LH:0
BRF:0
BRH:0
end_of_record
